0 info it worked if it ends with ok
1 verbose cli [ 'C:\\Program Files\\nodejs\\node.exe',
1 verbose cli   'C:\\Program Files\\nodejs\\node_modules\\npm\\bin\\npm-cli.js',
1 verbose cli   'run',
1 verbose cli   'dev' ]
2 info using npm@3.10.10
3 info using node@v6.10.3
4 verbose run-script [ 'predev', 'dev', 'postdev' ]
5 info lifecycle exui@3.3.0~predev: exui@3.3.0
6 silly lifecycle exui@3.3.0~predev: no script for predev, continuing
7 info lifecycle exui@3.3.0~dev: exui@3.3.0
8 verbose lifecycle exui@3.3.0~dev: unsafe-perm in lifecycle true
9 verbose lifecycle exui@3.3.0~dev: PATH: C:\Program Files\nodejs\node_modules\npm\bin\node-gyp-bin;D:\G工作代码\svn_new\web-bubiao\node_modules\.bin;C:\Program Files (x86)\Common Files\Oracle\Java\javapath;C:\ProgramData\Oracle\Java\javapath;C:\Windows\system32;C:\Windows;C:\Windows\System32\Wbem;C:\Windows\System32\WindowsPowerShell\v1.0\;c:\Program Files (x86)\Microsoft SQL Server\100\Tools\Binn\;c:\Program Files\Microsoft SQL Server\100\Tools\Binn\;c:\Program Files\Microsoft SQL Server\100\DTS\Binn\;C:\Program Files\Microsoft SQL Server\110\Tools\Binn\;C:\Windows\system32\config\systemprofile\.dnx\bin;C:\Program Files\Microsoft DNX\Dnvm\;C:\Program Files\Microsoft SQL Server\120\Tools\Binn\;C:\strawberry\c\bin;C:\strawberry\perl\site\bin;C:\strawberry\perl\bin;C:\Program Files\Git\cmd;C:\Program Files (x86)\Microsoft SQL Server\100\Tools\Binn\VSShell\Common7\IDE\;C:\Program Files (x86)\Microsoft Visual Studio 9.0\Common7\IDE\PrivateAssemblies\;C:\Program Files (x86)\Microsoft SQL Server\100\DTS\Binn\;C:\Program Files (x86)\VisualSVN\bin;C:\Program Files\TortoiseSVN\bin;C:\Program Files (x86)\Common Files\Adobe\AGL;C:\Program Files\dotnet\;C:\Program Files\Microsoft SQL Server\130\Tools\Binn\;C:\Program Files\Java\jdk1.8.0_172\bin;C:\Program Files\Java\jdk1.8.0_172\jre\bin;C:\Program Files\nodejs\;C:\Users\liulin\AppData\Local\Programs\Fiddler;C:\Program Files\Java\jdk1.8.0_172\bin;C:\Program Files\Java\jdk1.8.0_172\jre\bin;C:\Users\liulin\AppData\Roaming\npm
10 verbose lifecycle exui@3.3.0~dev: CWD: D:\G工作代码\svn_new\web-bubiao
11 silly lifecycle exui@3.3.0~dev: Args: [ '/d /s /c',
11 silly lifecycle   'webpack-dev-server --content-base ./ --open --inline --hot --compress --history-api-fallback  --config webpack.dev.config.js --mode development' ]
12 silly lifecycle exui@3.3.0~dev: Returned: code: 3221225786  signal: null
13 info lifecycle exui@3.3.0~dev: Failed to exec dev script
14 verbose stack Error: exui@3.3.0 dev: `webpack-dev-server --content-base ./ --open --inline --hot --compress --history-api-fallback  --config webpack.dev.config.js --mode development`
14 verbose stack Exit status 3221225786
14 verbose stack     at EventEmitter.<anonymous> (C:\Program Files\nodejs\node_modules\npm\lib\utils\lifecycle.js:255:16)
14 verbose stack     at emitTwo (events.js:106:13)
14 verbose stack     at EventEmitter.emit (events.js:191:7)
14 verbose stack     at ChildProcess.<anonymous> (C:\Program Files\nodejs\node_modules\npm\lib\utils\spawn.js:40:14)
14 verbose stack     at emitTwo (events.js:106:13)
14 verbose stack     at ChildProcess.emit (events.js:191:7)
14 verbose stack     at maybeClose (internal/child_process.js:886:16)
14 verbose stack     at Process.ChildProcess._handle.onexit (internal/child_process.js:226:5)
15 verbose pkgid exui@3.3.0
16 verbose cwd D:\G工作代码\svn_new\web-bubiao
17 error Windows_NT 6.1.7601
18 error argv "C:\\Program Files\\nodejs\\node.exe" "C:\\Program Files\\nodejs\\node_modules\\npm\\bin\\npm-cli.js" "run" "dev"
19 error node v6.10.3
20 error npm  v3.10.10
21 error code ELIFECYCLE
22 error exui@3.3.0 dev: `webpack-dev-server --content-base ./ --open --inline --hot --compress --history-api-fallback  --config webpack.dev.config.js --mode development`
22 error Exit status 3221225786
23 error Failed at the exui@3.3.0 dev script 'webpack-dev-server --content-base ./ --open --inline --hot --compress --history-api-fallback  --config webpack.dev.config.js --mode development'.
23 error Make sure you have the latest version of node.js and npm installed.
23 error If you do, this is most likely a problem with the exui package,
23 error not with npm itself.
23 error Tell the author that this fails on your system:
23 error     webpack-dev-server --content-base ./ --open --inline --hot --compress --history-api-fallback  --config webpack.dev.config.js --mode development
23 error You can get information on how to open an issue for this project with:
23 error     npm bugs exui
23 error Or if that isn't available, you can get their info via:
23 error     npm owner ls exui
23 error There is likely additional logging output above.
24 verbose exit [ 1, true ]
